\BOOKMARK [1][-]{section.1}{Pr\351sentation de l'entreprise}{}% 1
\BOOKMARK [2][-]{subsection.1.1}{Implantation et locaux}{section.1}% 2
\BOOKMARK [2][-]{subsection.1.2}{Activit\351 et services}{section.1}% 3
\BOOKMARK [2][-]{subsection.1.3}{Le personnel}{section.1}% 4
\BOOKMARK [2][-]{subsection.1.4}{L'\351quipe de travail}{section.1}% 5
\BOOKMARK [1][-]{section.2}{Pr\351sentation du besoin}{}% 6
\BOOKMARK [2][-]{subsection.2.1}{Analyse de l'existant}{section.2}% 7
\BOOKMARK [2][-]{subsection.2.2}{Analyse du besoin}{section.2}% 8
\BOOKMARK [2][-]{subsection.2.3}{Listing des fonctionnalit\351s}{section.2}% 9
\BOOKMARK [2][-]{subsection.2.4}{Moyens techniques et outils envisages}{section.2}% 10
\BOOKMARK [1][-]{section.3}{Etude et r\351alisation}{}% 11
\BOOKMARK [2][-]{subsection.3.1}{Planification}{section.3}% 12
\BOOKMARK [2][-]{subsection.3.2}{Phase de conception}{section.3}% 13
\BOOKMARK [2][-]{subsection.3.3}{Phase de r\351alisation}{section.3}% 14
\BOOKMARK [2][-]{subsection.3.4}{Phase de tests}{section.3}% 15
\BOOKMARK [2][-]{subsection.3.5}{Phase de d\351ploiement}{section.3}% 16
\BOOKMARK [1][-]{section.4}{Bilan}{}% 17
\BOOKMARK [2][-]{subsection.4.1}{Bilan personnel}{section.4}% 18
\BOOKMARK [2][-]{subsection.4.2}{Bilan professionnel}{section.4}% 19
\BOOKMARK [1][-]{section.5}{Annexes}{}% 20
